<?xml version="1.0" encoding="UTF-8"?>
<testng-results ignored="0" total="1" passed="1" failed="0" skipped="0">
  <reporter-output>
  </reporter-output>
  <suite started-at="2023-08-01T20:05:49 IST" name="Default suite" finished-at="2023-08-01T20:06:06 IST" duration-ms="17003">
    <groups>
    </groups>
    <test started-at="2023-08-01T20:05:49 IST" name="Default test" finished-at="2023-08-01T20:06:06 IST" duration-ms="17003">
      <class name="abhaydere.ExtentReports.ExtentReportDemo">
        <test-method is-config="true" signature="config()[pri:0, instance:abhaydere.ExtentReports.ExtentReportDemo@6e6f2380]" started-at="2023-08-01T20:05:49 IST" name="config" finished-at="2023-08-01T20:05:50 IST" duration-ms="807" status="PASS">
          <reporter-output>
          </reporter-output>
        </test-method> <!-- config -->
        <test-method signature="initialDemo()[pri:0, instance:abhaydere.ExtentReports.ExtentReportDemo@6e6f2380]" started-at="2023-08-01T20:05:50 IST" name="initialDemo" finished-at="2023-08-01T20:06:06 IST" duration-ms="16113" status="PASS">
          <reporter-output>
          </reporter-output>
        </test-method> <!-- initialDemo -->
      </class> <!-- abhaydere.ExtentReports.ExtentReportDemo -->
    </test> <!-- Default test -->
  </suite> <!-- Default suite -->
</testng-results>
